<?xml version="1.0" encoding="UTF-8"?>
<!-- Generated by org.testng.reporters.JUnitReportReporter -->
<testsuite skipped="0" hostname="RAJAREDDY-PC" name="testclases.TripAdviser" tests="1" failures="0" timestamp="26 Jan 2020 07:03:17 GMT" time="43.584" errors="0">
  <testcase name="TripStart" time="43.584" classname="testclases.TripAdviser"/>
</testsuite> <!-- testclases.TripAdviser -->
