<?xml version="1.0" encoding="UTF-8"?>
<!-- Generated by org.testng.reporters.JUnitReportReporter -->
<testsuite skipped="0" hostname="RAJAREDDY-PC" name="testclases.Flipkart" tests="1" failures="0" timestamp="25 Jan 2020 15:50:16 GMT" time="30.310" errors="0">
  <testcase name="searchComputers" time="30.310" classname="testclases.Flipkart"/>
</testsuite> <!-- testclases.Flipkart -->
