<?xml version="1.0" encoding="UTF-8"?>
<!-- Generated by org.testng.reporters.JUnitReportReporter -->
<testsuite skipped="0" hostname="RAJAREDDY-PC" name="testclases.Product" tests="3" failures="0" timestamp="26 Jan 2020 03:53:11 GMT" time="91.658" errors="0">
  <testcase name="amazon" time="34.681" classname="testclases.Product"/>
  <testcase name="flipkart" time="27.784" classname="testclases.Product"/>
  <testcase name="Compareprice" time="29.193" classname="testclases.Product"/>
</testsuite> <!-- testclases.Product -->
